[2020-11-20 02:59:28] local.ERROR: exception 'Symfony\Component\Debug\Exception\FatalErrorException' with message 'syntax error, unexpected ''pages.welcome'' (T_CONSTANT_ENCAPSED_STRING)' in C:\xampp\htdocs\laravel\app\Http\Controllers\PagesController.php:8
Stack trace:
#0 {main}  
[2020-11-20 03:00:07] local.ERROR: exception 'Symfony\Component\Debug\Exception\FatalErrorException' with message 'Class 'App\Http\Controllers\Controllers' not found' in C:\xampp\htdocs\laravel\app\Http\Controllers\PagesController.php:5
Stack trace:
#0 {main}  
[2020-11-20 03:00:42] local.ERROR: exception 'ReflectionException' with message 'Method App\Http\Controllers\PagesController::welcome() does not exist' in C:\xampp\htdocs\laravel\vendor\laravel\framework\src\Illuminate\Routing\Route.php:280
Stack trace:
#0 C:\xampp\htdocs\laravel\vendor\laravel\framework\src\Illuminate\Routing\Route.php(280): ReflectionMethod->__construct('App\\Http\\Contro...', 'welcome')
#1 C:\xampp\htdocs\laravel\vendor\laravel\framework\src\Illuminate\Routing\Router.php(857): Illuminate\Routing\Route->signatureParameters('Illuminate\\Data...')
#2 C:\xampp\htdocs\laravel\vendor\laravel\framework\src\Illuminate\Routing\Router.php(842): Illuminate\Routing\Router->substituteImplicitBindings(Object(Illuminate\Routing\Route))
#3 C:\xampp\htdocs\laravel\vendor\laravel\framework\src\Illuminate\Routing\Router.php(825): Illuminate\Routing\Router->substituteBindings(Object(Illuminate\Routing\Route))
#4 C:\xampp\htdocs\laravel\vendor\laravel\framework\src\Illuminate\Routing\Router.php(691): Illuminate\Routing\Router->findRoute(Object(Illuminate\Http\Request))
#5 C:\xampp\htdocs\laravel\vendor\laravel\framework\src\Illuminate\Routing\Router.php(675): Illuminate\Routing\Router->dispatchToRoute(Object(Illuminate\Http\Request))
#6 C:\xampp\htdocs\laravel\vendor\laravel\framework\src\Illuminate\Foundation\Http\Kernel.php(246): Illuminate\Routing\Router->dispatch(Object(Illuminate\Http\Request))
#7 [internal function]: Illuminate\Foundation\Http\Kernel->Illuminate\Foundation\Http\{closure}(Object(Illuminate\Http\Request))
#8 C:\xampp\htdocs\laravel\vendor\laravel\framework\src\Illuminate\Routing\Pipeline.php(52): call_user_func(Object(Closure), Object(Illuminate\Http\Request))
#9 C:\xampp\htdocs\laravel\vendor\laravel\framework\src\Illuminate\Foundation\Http\Middleware\CheckForMaintenanceMode.php(44): Illuminate\Routing\Pipeline->Illuminate\Routing\{closure}(Object(Illuminate\Http\Request))
#10 [internal function]: Illuminate\Foundation\Http\Middleware\CheckForMaintenanceMode->handle(Object(Illuminate\Http\Request), Object(Closure))
#11 C:\xampp\htdocs\laravel\vendor\laravel\framework\src\Illuminate\Pipeline\Pipeline.php(136): call_user_func_array(Array, Array)
#12 [internal function]: Illuminate\Pipeline\Pipeline->Illuminate\Pipeline\{closure}(Object(Illuminate\Http\Request))
#13 C:\xampp\htdocs\laravel\vendor\laravel\framework\src\Illuminate\Routing\Pipeline.php(32): call_user_func(Object(Closure), Object(Illuminate\Http\Request))
#14 [internal function]: Illuminate\Routing\Pipeline->Illuminate\Routing\{closure}(Object(Illuminate\Http\Request))
#15 C:\xampp\htdocs\laravel\vendor\laravel\framework\src\Illuminate\Pipeline\Pipeline.php(103): call_user_func(Object(Closure), Object(Illuminate\Http\Request))
#16 C:\xampp\htdocs\laravel\vendor\laravel\framework\src\Illuminate\Foundation\Http\Kernel.php(132): Illuminate\Pipeline\Pipeline->then(Object(Closure))
#17 C:\xampp\htdocs\laravel\vendor\laravel\framework\src\Illuminate\Foundation\Http\Kernel.php(99): Illuminate\Foundation\Http\Kernel->sendRequestThroughRouter(Object(Illuminate\Http\Request))
#18 C:\xampp\htdocs\laravel\public\index.php(54): Illuminate\Foundation\Http\Kernel->handle(Object(Illuminate\Http\Request))
#19 C:\xampp\htdocs\laravel\server.php(21): require_once('C:\\xampp\\htdocs...')
#20 {main}  
[2020-11-20 03:24:56] local.ERROR: exception 'ReflectionException' with message 'Method App\Http\Controllers\PagesController::welcome() does not exist' in C:\xampp\htdocs\laravel\vendor\laravel\framework\src\Illuminate\Routing\Route.php:280
Stack trace:
#0 C:\xampp\htdocs\laravel\vendor\laravel\framework\src\Illuminate\Routing\Route.php(280): ReflectionMethod->__construct('App\\Http\\Contro...', 'welcome')
#1 C:\xampp\htdocs\laravel\vendor\laravel\framework\src\Illuminate\Routing\Router.php(857): Illuminate\Routing\Route->signatureParameters('Illuminate\\Data...')
#2 C:\xampp\htdocs\laravel\vendor\laravel\framework\src\Illuminate\Routing\Router.php(842): Illuminate\Routing\Router->substituteImplicitBindings(Object(Illuminate\Routing\Route))
#3 C:\xampp\htdocs\laravel\vendor\laravel\framework\src\Illuminate\Routing\Router.php(825): Illuminate\Routing\Router->substituteBindings(Object(Illuminate\Routing\Route))
#4 C:\xampp\htdocs\laravel\vendor\laravel\framework\src\Illuminate\Routing\Router.php(691): Illuminate\Routing\Router->findRoute(Object(Illuminate\Http\Request))
#5 C:\xampp\htdocs\laravel\vendor\laravel\framework\src\Illuminate\Routing\Router.php(675): Illuminate\Routing\Router->dispatchToRoute(Object(Illuminate\Http\Request))
#6 C:\xampp\htdocs\laravel\vendor\laravel\framework\src\Illuminate\Foundation\Http\Kernel.php(246): Illuminate\Routing\Router->dispatch(Object(Illuminate\Http\Request))
#7 [internal function]: Illuminate\Foundation\Http\Kernel->Illuminate\Foundation\Http\{closure}(Object(Illuminate\Http\Request))
#8 C:\xampp\htdocs\laravel\vendor\laravel\framework\src\Illuminate\Routing\Pipeline.php(52): call_user_func(Object(Closure), Object(Illuminate\Http\Request))
#9 C:\xampp\htdocs\laravel\vendor\laravel\framework\src\Illuminate\Foundation\Http\Middleware\CheckForMaintenanceMode.php(44): Illuminate\Routing\Pipeline->Illuminate\Routing\{closure}(Object(Illuminate\Http\Request))
#10 [internal function]: Illuminate\Foundation\Http\Middleware\CheckForMaintenanceMode->handle(Object(Illuminate\Http\Request), Object(Closure))
#11 C:\xampp\htdocs\laravel\vendor\laravel\framework\src\Illuminate\Pipeline\Pipeline.php(136): call_user_func_array(Array, Array)
#12 [internal function]: Illuminate\Pipeline\Pipeline->Illuminate\Pipeline\{closure}(Object(Illuminate\Http\Request))
#13 C:\xampp\htdocs\laravel\vendor\laravel\framework\src\Illuminate\Routing\Pipeline.php(32): call_user_func(Object(Closure), Object(Illuminate\Http\Request))
#14 [internal function]: Illuminate\Routing\Pipeline->Illuminate\Routing\{closure}(Object(Illuminate\Http\Request))
#15 C:\xampp\htdocs\laravel\vendor\laravel\framework\src\Illuminate\Pipeline\Pipeline.php(103): call_user_func(Object(Closure), Object(Illuminate\Http\Request))
#16 C:\xampp\htdocs\laravel\vendor\laravel\framework\src\Illuminate\Foundation\Http\Kernel.php(132): Illuminate\Pipeline\Pipeline->then(Object(Closure))
#17 C:\xampp\htdocs\laravel\vendor\laravel\framework\src\Illuminate\Foundation\Http\Kernel.php(99): Illuminate\Foundation\Http\Kernel->sendRequestThroughRouter(Object(Illuminate\Http\Request))
#18 C:\xampp\htdocs\laravel\public\index.php(54): Illuminate\Foundation\Http\Kernel->handle(Object(Illuminate\Http\Request))
#19 C:\xampp\htdocs\laravel\server.php(21): require_once('C:\\xampp\\htdocs...')
#20 {main}  
[2020-11-20 03:32:07] local.ERROR: exception 'ReflectionException' with message 'Method App\Http\Controllers\PagesController::getWelcome() does not exist' in C:\xampp\htdocs\laravel\vendor\laravel\framework\src\Illuminate\Routing\Route.php:280
Stack trace:
#0 C:\xampp\htdocs\laravel\vendor\laravel\framework\src\Illuminate\Routing\Route.php(280): ReflectionMethod->__construct('App\\Http\\Contro...', 'getWelcome')
#1 C:\xampp\htdocs\laravel\vendor\laravel\framework\src\Illuminate\Routing\Router.php(857): Illuminate\Routing\Route->signatureParameters('Illuminate\\Data...')
#2 C:\xampp\htdocs\laravel\vendor\laravel\framework\src\Illuminate\Routing\Router.php(842): Illuminate\Routing\Router->substituteImplicitBindings(Object(Illuminate\Routing\Route))
#3 C:\xampp\htdocs\laravel\vendor\laravel\framework\src\Illuminate\Routing\Router.php(825): Illuminate\Routing\Router->substituteBindings(Object(Illuminate\Routing\Route))
#4 C:\xampp\htdocs\laravel\vendor\laravel\framework\src\Illuminate\Routing\Router.php(691): Illuminate\Routing\Router->findRoute(Object(Illuminate\Http\Request))
#5 C:\xampp\htdocs\laravel\vendor\laravel\framework\src\Illuminate\Routing\Router.php(675): Illuminate\Routing\Router->dispatchToRoute(Object(Illuminate\Http\Request))
#6 C:\xampp\htdocs\laravel\vendor\laravel\framework\src\Illuminate\Foundation\Http\Kernel.php(246): Illuminate\Routing\Router->dispatch(Object(Illuminate\Http\Request))
#7 [internal function]: Illuminate\Foundation\Http\Kernel->Illuminate\Foundation\Http\{closure}(Object(Illuminate\Http\Request))
#8 C:\xampp\htdocs\laravel\vendor\laravel\framework\src\Illuminate\Routing\Pipeline.php(52): call_user_func(Object(Closure), Object(Illuminate\Http\Request))
#9 C:\xampp\htdocs\laravel\vendor\laravel\framework\src\Illuminate\Foundation\Http\Middleware\CheckForMaintenanceMode.php(44): Illuminate\Routing\Pipeline->Illuminate\Routing\{closure}(Object(Illuminate\Http\Request))
#10 [internal function]: Illuminate\Foundation\Http\Middleware\CheckForMaintenanceMode->handle(Object(Illuminate\Http\Request), Object(Closure))
#11 C:\xampp\htdocs\laravel\vendor\laravel\framework\src\Illuminate\Pipeline\Pipeline.php(136): call_user_func_array(Array, Array)
#12 [internal function]: Illuminate\Pipeline\Pipeline->Illuminate\Pipeline\{closure}(Object(Illuminate\Http\Request))
#13 C:\xampp\htdocs\laravel\vendor\laravel\framework\src\Illuminate\Routing\Pipeline.php(32): call_user_func(Object(Closure), Object(Illuminate\Http\Request))
#14 [internal function]: Illuminate\Routing\Pipeline->Illuminate\Routing\{closure}(Object(Illuminate\Http\Request))
#15 C:\xampp\htdocs\laravel\vendor\laravel\framework\src\Illuminate\Pipeline\Pipeline.php(103): call_user_func(Object(Closure), Object(Illuminate\Http\Request))
#16 C:\xampp\htdocs\laravel\vendor\laravel\framework\src\Illuminate\Foundation\Http\Kernel.php(132): Illuminate\Pipeline\Pipeline->then(Object(Closure))
#17 C:\xampp\htdocs\laravel\vendor\laravel\framework\src\Illuminate\Foundation\Http\Kernel.php(99): Illuminate\Foundation\Http\Kernel->sendRequestThroughRouter(Object(Illuminate\Http\Request))
#18 C:\xampp\htdocs\laravel\public\index.php(54): Illuminate\Foundation\Http\Kernel->handle(Object(Illuminate\Http\Request))
#19 C:\xampp\htdocs\laravel\server.php(21): require_once('C:\\xampp\\htdocs...')
#20 {main}  
[2020-11-20 06:40:35] local.ERROR: exception 'Symfony\Component\Console\Exception\RuntimeException' with message 'The "--migrate" option does not exist.' in C:\xampp\htdocs\laravel\vendor\symfony\console\Input\ArgvInput.php:216
Stack trace:
#0 C:\xampp\htdocs\laravel\vendor\symfony\console\Input\ArgvInput.php(152): Symfony\Component\Console\Input\ArgvInput->addLongOption('migrate', NULL)
#1 C:\xampp\htdocs\laravel\vendor\symfony\console\Input\ArgvInput.php(84): Symfony\Component\Console\Input\ArgvInput->parseLongOption('--migrate')
#2 C:\xampp\htdocs\laravel\vendor\symfony\console\Input\Input.php(62): Symfony\Component\Console\Input\ArgvInput->parse()
#3 C:\xampp\htdocs\laravel\vendor\symfony\console\Command\Command.php(221): Symfony\Component\Console\Input\Input->bind(Object(Symfony\Component\Console\Input\InputDefinition))
#4 C:\xampp\htdocs\laravel\vendor\laravel\framework\src\Illuminate\Console\Command.php(155): Symfony\Component\Console\Command\Command->run(Object(Symfony\Component\Console\Input\ArgvInput), Object(Symfony\Component\Console\Output\ConsoleOutput))
#5 C:\xampp\htdocs\laravel\vendor\symfony\console\Application.php(794): Illuminate\Console\Command->run(Object(Symfony\Component\Console\Input\ArgvInput), Object(Symfony\Component\Console\Output\ConsoleOutput))
#6 C:\xampp\htdocs\laravel\vendor\symfony\console\Application.php(186): Symfony\Component\Console\Application->doRunCommand(Object(Illuminate\Foundation\Console\ModelMakeCommand), Object(Symfony\Component\Console\Input\ArgvInput), Object(Symfony\Component\Console\Output\ConsoleOutput))
#7 C:\xampp\htdocs\laravel\vendor\symfony\console\Application.php(117): Symfony\Component\Console\Application->doRun(Object(Symfony\Component\Console\Input\ArgvInput), Object(Symfony\Component\Console\Output\ConsoleOutput))
#8 C:\xampp\htdocs\laravel\vendor\laravel\framework\src\Illuminate\Foundation\Console\Kernel.php(107): Symfony\Component\Console\Application->run(Object(Symfony\Component\Console\Input\ArgvInput), Object(Symfony\Component\Console\Output\ConsoleOutput))
#9 C:\xampp\htdocs\laravel\artisan(36): Illuminate\Foundation\Console\Kernel->handle(Object(Symfony\Component\Console\Input\ArgvInput), Object(Symfony\Component\Console\Output\ConsoleOutput))
#10 {main}  
[2020-11-20 06:41:53] local.ERROR: exception 'Symfony\Component\Console\Exception\RuntimeException' with message 'The "--migrate" option does not exist.' in C:\xampp\htdocs\laravel\vendor\symfony\console\Input\ArgvInput.php:216
Stack trace:
#0 C:\xampp\htdocs\laravel\vendor\symfony\console\Input\ArgvInput.php(152): Symfony\Component\Console\Input\ArgvInput->addLongOption('migrate', NULL)
#1 C:\xampp\htdocs\laravel\vendor\symfony\console\Input\ArgvInput.php(84): Symfony\Component\Console\Input\ArgvInput->parseLongOption('--migrate')
#2 C:\xampp\htdocs\laravel\vendor\symfony\console\Input\Input.php(62): Symfony\Component\Console\Input\ArgvInput->parse()
#3 C:\xampp\htdocs\laravel\vendor\symfony\console\Command\Command.php(221): Symfony\Component\Console\Input\Input->bind(Object(Symfony\Component\Console\Input\InputDefinition))
#4 C:\xampp\htdocs\laravel\vendor\laravel\framework\src\Illuminate\Console\Command.php(155): Symfony\Component\Console\Command\Command->run(Object(Symfony\Component\Console\Input\ArgvInput), Object(Symfony\Component\Console\Output\ConsoleOutput))
#5 C:\xampp\htdocs\laravel\vendor\symfony\console\Application.php(794): Illuminate\Console\Command->run(Object(Symfony\Component\Console\Input\ArgvInput), Object(Symfony\Component\Console\Output\ConsoleOutput))
#6 C:\xampp\htdocs\laravel\vendor\symfony\console\Application.php(186): Symfony\Component\Console\Application->doRunCommand(Object(Illuminate\Foundation\Console\ModelMakeCommand), Object(Symfony\Component\Console\Input\ArgvInput), Object(Symfony\Component\Console\Output\ConsoleOutput))
#7 C:\xampp\htdocs\laravel\vendor\symfony\console\Application.php(117): Symfony\Component\Console\Application->doRun(Object(Symfony\Component\Console\Input\ArgvInput), Object(Symfony\Component\Console\Output\ConsoleOutput))
#8 C:\xampp\htdocs\laravel\vendor\laravel\framework\src\Illuminate\Foundation\Console\Kernel.php(107): Symfony\Component\Console\Application->run(Object(Symfony\Component\Console\Input\ArgvInput), Object(Symfony\Component\Console\Output\ConsoleOutput))
#9 C:\xampp\htdocs\laravel\artisan(36): Illuminate\Foundation\Console\Kernel->handle(Object(Symfony\Component\Console\Input\ArgvInput), Object(Symfony\Component\Console\Output\ConsoleOutput))
#10 {main}  
